  -71.28    3.85    2.80   10.00   26.00   63.00    3.40  -71.28    3.85 20130820
  -71.28    3.85    2.90   10.00   26.00   63.00    3.20  -71.28    3.85 20130820
  -71.30    3.84    3.40   58.00   74.00 -162.00    3.20  -71.30    3.84 20130823
  -71.28    3.85    2.80   61.00   75.00 -162.00    3.50  -71.28    3.85 20130902
  -71.29    3.85    3.00   61.00   75.00 -162.00    1.00  -71.29    3.85 20130902
  -71.28    3.85    2.70   61.00   76.00 -162.00    3.50  -71.28    3.85 20130902
  -71.30    3.84    3.80   61.00   76.00 -162.00    1.40  -71.30    3.84 20130902
  -71.27    3.85    2.70   61.00   76.00 -162.00    3.30  -71.27    3.85 20130907
  -71.29    3.84    3.60   61.00   76.00 -162.00    1.50  -71.29    3.84 20130907
  -71.29    3.85    3.00   61.00   76.00 -162.00    1.80  -71.29    3.85 20130907
  -71.28    3.85    2.60   58.00   76.00 -162.00    3.40  -71.28    3.85 20130907
  -71.29    3.85    2.90   58.00   76.00 -162.00    1.60  -71.29    3.85 20130907
  -71.29    3.85    3.30   58.00   76.00 -162.00    1.40  -71.29    3.85 20130907
  -71.29    3.85    3.50   58.00   76.00 -162.00    1.30  -71.29    3.85 20130907
  -71.28    3.85    2.80   38.00   48.00 -167.00    3.40  -71.28    3.85 20130908
  -71.29    3.85    3.70   38.00   48.00 -167.00    1.00  -71.29    3.85 20130908
  -71.29    3.85    3.00   83.00   72.00 -162.00    3.70  -71.29    3.85 20130913
  -71.30    3.84    3.50   83.00   72.00 -162.00    1.70  -71.30    3.84 20130913
  -71.33    3.85    3.00   83.00   72.00 -162.00    1.40  -71.33    3.85 20130913
  -71.29    3.86    3.70   83.00   72.00 -162.00    2.30  -71.29    3.86 20130913
  -71.31    3.84    3.70   83.00   72.00 -162.00    2.20  -71.31    3.84 20130913
  -71.29    3.85    7.50   83.00   72.00 -162.00    1.80  -71.29    3.85 20130913
  -71.29    3.85    3.60   78.00   58.00 -171.00    2.80  -71.29    3.85 20130913
  -71.30    3.85    3.60   78.00   58.00 -171.00    1.50  -71.30    3.85 20130913
  -71.31    3.85    6.20   78.00   58.00 -171.00    2.10  -71.31    3.85 20130913
  -71.30    3.85    3.90   78.00   58.00 -171.00    1.90  -71.30    3.85 20130913
  -71.29    3.85    3.40   78.00   58.00 -171.00    3.10  -71.29    3.85 20130913
  -71.32    3.84    4.80   78.00   58.00 -171.00    1.90  -71.32    3.84 20130913
  -71.29    3.85    3.20   59.00   76.00 -162.00    3.10  -71.29    3.85 20130914
  -71.30    3.85    5.50   59.00   76.00 -162.00    0.90  -71.30    3.85 20130914
  -71.30    3.84    3.60   59.00   76.00 -162.00    1.20  -71.30    3.84 20130914
  -71.29    3.85    3.60   59.00   76.00 -162.00    0.70  -71.29    3.85 20130914
  -71.31    3.85    4.00   59.00   76.00 -162.00    1.40  -71.31    3.85 20130914
  -71.30    3.85    3.60   59.00   76.00 -162.00    1.40  -71.30    3.85 20130914
  -71.29    3.84    3.50   73.00   78.00  158.00    3.20  -71.29    3.84 20131011
  -71.30    3.84    3.70   48.00   88.00 -162.00    3.40  -71.30    3.84 20131104
  -71.31    3.84    5.50   48.00   88.00 -162.00    2.10  -71.31    3.84 20131104
  -71.31    3.84    4.90   48.00   88.00 -162.00    1.30  -71.31    3.84 20131104
  -71.31    3.84    4.10   48.00   88.00 -162.00    0.30  -71.31    3.84 20131104
  -71.32    3.84    5.00   48.00   88.00 -162.00    0.90  -71.32    3.84 20131104
  -71.30    3.84    4.80  150.00   69.00  -62.00    3.40  -71.30    3.84 20131104
  -71.32    3.83    4.90  150.00   69.00  -62.00    1.70  -71.32    3.83 20131104
  -71.30    3.84    6.30  150.00   69.00  -62.00    1.40  -71.30    3.84 20131104
  -71.30    3.84    5.80  150.00   69.00  -62.00    1.50  -71.30    3.84 20131104
  -71.31    3.84    5.70  150.00   69.00  -62.00    2.00  -71.31    3.84 20131104
  -71.30    3.84    5.70  150.00   69.00  -62.00    1.50  -71.30    3.84 20131104
  -71.31    3.84    6.00  150.00   69.00  -62.00    1.20  -71.31    3.84 20131104
  -71.34    3.85    4.80  150.00   69.00  -62.00    0.50  -71.34    3.85 20131104
  -71.29    3.85    5.30  150.00   69.00  -62.00    1.00  -71.29    3.85 20131104
  -71.29    3.85    4.70  150.00   69.00  -62.00    2.10  -71.29    3.85 20131104
  -71.29    3.85    5.40  150.00   69.00  -62.00    1.20  -71.29    3.85 20131104
  -71.29    3.85    5.10  150.00   69.00  -62.00    1.20  -71.29    3.85 20131104
  -71.30    3.85    5.60  150.00   69.00  -62.00    1.60  -71.30    3.85 20131104
  -71.31    3.86    5.50  150.00   69.00  -62.00    0.70  -71.31    3.86 20131104
  -71.30    3.84    6.20  150.00   69.00  -62.00    1.00  -71.30    3.84 20131104
  -71.32    3.84    4.10  150.00   69.00  -62.00    0.40  -71.32    3.84 20131104
  -71.29    3.85    6.00  150.00   69.00  -62.00    1.00  -71.29    3.85 20131104
  -71.34    3.84    5.70  150.00   69.00  -62.00    1.20  -71.34    3.84 20131104
  -71.32    3.84    6.30  150.00   69.00  -62.00    0.60  -71.32    3.84 20131104
  -71.32    3.84    5.80  150.00   69.00  -62.00    0.90  -71.32    3.84 20131104
  -71.31    3.84    5.20  150.00   69.00  -62.00    0.70  -71.31    3.84 20131104
  -71.31    3.83    4.10  150.00   69.00  -62.00    0.30  -71.31    3.83 20131104
  -71.32    3.84    4.10  150.00   69.00  -62.00    0.50  -71.32    3.84 20131104
  -71.25    3.81    3.10  150.00   69.00  -62.00    0.60  -71.25    3.81 20131104
  -71.31    3.84    6.40  150.00   69.00  -62.00    0.80  -71.31    3.84 20131104
  -71.29    3.85    5.70  156.00   81.00  -42.00    3.30  -71.29    3.85 20131105
  -71.35    3.84    3.80    9.00   68.00 -180.00    3.10  -71.35    3.84 20131107
  -71.34    3.84    3.40   18.00   48.00 -162.00    3.40  -71.34    3.84 20131129
  -71.30    3.83    3.60    0.00   87.00   38.00    3.30  -71.30    3.83 20131201
  -71.28    3.84    3.10  138.00   68.00   -6.00    3.40  -71.28    3.84 20131205
  -71.41    3.90    7.40   18.00   58.00 -174.00    3.10  -71.41    3.90 20131222
  -71.40    3.87    3.20   61.00   58.00  -42.00    3.50  -71.40    3.87 20140119
  -71.40    3.87    6.80   61.00   58.00  -42.00    2.80  -71.40    3.87 20140119
  -71.40    3.87    7.10   61.00   58.00  -42.00    2.00  -71.40    3.87 20140119
  -71.40    3.88    7.10   61.00   58.00  -42.00    0.90  -71.40    3.88 20140119
  -71.41    3.88    6.70   61.00   58.00  -42.00    0.90  -71.41    3.88 20140119
  -71.40    3.87    6.40   61.00   58.00  -42.00    0.60  -71.40    3.87 20140119
  -71.40    3.88    6.80   61.00   58.00  -42.00    1.50  -71.40    3.88 20140119
  -71.40    3.87    7.50   61.00   58.00  -42.00    0.50  -71.40    3.87 20140119
  -71.55    3.94    2.40  138.00   38.00  108.00    3.60  -71.55    3.94 20140213
  -71.33    3.83    4.10  138.00   38.00  108.00    1.20  -71.33    3.83 20140213
  -71.55    3.92    7.40  138.00   38.00  108.00    2.40  -71.55    3.92 20140213
  -71.38    3.89    3.40   98.00   62.00  -62.00    3.50  -71.38    3.89 20140216
  -71.56    3.93    2.50  138.00   38.00  118.00    3.80  -71.56    3.93 20140218
  -71.54    3.94    2.70  146.00   38.00  111.00    3.30  -71.54    3.94 20140219
  -71.56    3.93    2.40  137.00   38.00  118.00    4.00  -71.56    3.93 20140220
  -71.56    3.93    2.40  136.00   38.00  118.00    3.60  -71.56    3.93 20140221
  -71.57    3.94    2.10  134.00   38.00  118.00    3.40  -71.57    3.94 20140221
  -71.56    3.93    2.50  136.00   38.00  118.00    3.30  -71.56    3.93 20140222
  -71.57    3.93    2.30  134.00   28.00  110.00    3.20  -71.57    3.93 20140222
  -71.56    3.93    2.20  133.00   38.00  118.00    3.20  -71.56    3.93 20140222
  -71.56    3.93    2.20  133.00   38.00  118.00    3.40  -71.56    3.93 20140222
  -71.54    3.91    0.30  133.00   38.00  118.00    1.10  -71.54    3.91 20140222
  -71.41    3.87    7.70  133.00   38.00  118.00    1.50  -71.41    3.87 20140222
  -71.41    3.87    7.70  133.00   38.00  118.00    1.20  -71.41    3.87 20140222
  -71.42    3.87    5.00  133.00   38.00  118.00    0.50  -71.42    3.87 20140222
  -71.55    3.93    0.60  130.00   38.00  118.00    4.00  -71.55    3.93 20140222
  -71.57    3.93    2.30  133.00   38.00  118.00    3.00  -71.57    3.93 20140224
  -71.57    3.93    2.20  132.00   38.00  118.00    3.50  -71.57    3.93 20140224
  -71.57    3.93    2.20  133.00   38.00  118.00    3.70  -71.57    3.93 20140224
  -71.55    3.93    8.10  133.00   38.00  118.00    1.40  -71.55    3.93 20140224
  -71.57    3.93    2.40  133.00   38.00  118.00    3.50  -71.57    3.93 20140225
  -71.56    3.93    2.30  134.00   38.00  118.00    3.70  -71.56    3.93 20140225
  -71.56    3.93    2.20  134.00   38.00  118.00    3.30  -71.56    3.93 20140225
  -71.54    3.93    2.40  134.00   38.00  118.00    1.00  -71.54    3.93 20140225
  -71.55    3.92    7.20  134.00   38.00  118.00    1.30  -71.55    3.92 20140225
  -71.37    3.84    3.90  134.00   38.00  118.00    0.60  -71.37    3.84 20140225
  -71.55    3.91    2.50  134.00   38.00  118.00    1.10  -71.55    3.91 20140225
  -71.55    3.92    2.90  134.00   38.00  118.00    1.80  -71.55    3.92 20140225
  -71.54    3.93    3.10  134.00   38.00  118.00    2.50  -71.54    3.93 20140225
  -71.52    3.91    1.00  134.00   38.00  118.00    0.90  -71.52    3.91 20140225
  -71.53    3.90    1.00  134.00   38.00  118.00    1.10  -71.53    3.90 20140225
  -71.57    3.93    2.40  134.00   38.00  118.00    3.40  -71.57    3.93 20140226
  -71.53    3.91    0.80  134.00   38.00  118.00    1.00  -71.53    3.91 20140226
  -71.52    3.92    3.10  134.00   38.00  118.00    1.10  -71.52    3.92 20140226
  -71.55    3.92    2.50  134.00   38.00  118.00    1.50  -71.55    3.92 20140226
  -71.55    3.93    7.10  134.00   38.00  118.00    2.70  -71.55    3.93 20140226
  -71.53    3.92    9.70  134.00   38.00  118.00    2.80  -71.53    3.92 20140226
  -71.56    3.91    7.80  134.00   38.00  118.00    1.60  -71.56    3.91 20140226
  -71.56    3.92    2.70  134.00   38.00  118.00    1.60  -71.56    3.92 20140226
  -71.54    3.91    0.20  134.00   38.00  118.00    0.90  -71.54    3.91 20140226
  -71.55    3.92    8.60  134.00   38.00  118.00    2.50  -71.55    3.92 20140226
  -71.55    3.92    3.10  134.00   38.00  118.00    1.20  -71.55    3.92 20140226
  -71.57    3.93    2.40  134.00   28.00  110.00    2.90  -71.57    3.93 20140227
  -71.57    3.93    2.10  132.00   38.00  118.00    3.40  -71.57    3.93 20140228
  -71.55    3.92    2.60  132.00   38.00  118.00    1.50  -71.55    3.92 20140228
  -71.57    3.93    2.10  131.00   38.00  118.00    3.50  -71.57    3.93 20140228
  -71.57    3.94    2.00  132.00   38.00  118.00    4.00  -71.57    3.94 20140301
  -71.55    3.94    2.50  138.00   38.00  108.00    3.80  -71.55    3.94 20140315
  -71.57    3.94    1.70  133.00   38.00  118.00    3.80  -71.57    3.94 20140317
  -71.56    3.92    0.70  130.00   18.00  118.00    4.20  -71.56    3.92 20140317
  -71.57    3.93    2.10  130.00   38.00  118.00    3.70  -71.57    3.93 20140319
  -71.57    3.93    2.20  131.00   38.00  118.00    3.40  -71.57    3.93 20140320
  -71.39    3.90    3.20   88.00   56.00  -62.00    3.90  -71.39    3.90 20140324
  -71.36    3.84    3.70  -59.00   90.00    2.00    3.20  -71.36    3.84 20140326
  -71.56    3.94    2.50  138.00   38.00  108.00    4.40  -71.56    3.94 20140327
  -71.39    3.87    3.70   12.00   90.00 -180.00    3.50  -71.39    3.87 20140328
  -71.57    3.93    2.30  127.00   28.00  106.00    3.30  -71.57    3.93 20140330
  -71.58    3.92    2.10  128.00   28.00  107.00    2.90  -71.58    3.92 20140331
  -71.55    3.94    2.40  138.00   38.00  107.00    3.40  -71.55    3.94 20140331
  -71.57    3.92    2.30  127.00   28.00  106.00    3.20  -71.57    3.92 20140401
  -71.57    3.93    1.80  131.00   38.00  118.00    3.90  -71.57    3.93 20140404
  -71.56    3.92    8.00  131.00   38.00  118.00    1.70  -71.56    3.92 20140404
  -71.55    3.93    2.80  131.00   38.00  118.00    1.30  -71.55    3.93 20140404
  -71.39    3.90    5.70  131.00   38.00  118.00    1.30  -71.39    3.90 20140404
  -71.54    3.91    0.30  131.00   38.00  118.00    0.90  -71.54    3.91 20140404
  -71.38    3.90    3.40  117.00   74.00  -42.00    3.80  -71.38    3.90 20140410
  -71.55    3.91    1.00  123.00   28.00  118.00    4.00  -71.55    3.91 20140423
  -71.57    3.92    2.70  136.00   28.00  118.00    3.10  -71.57    3.92 20140423
  -71.57    3.93    2.30  108.00    6.00 -180.00    3.80  -71.57    3.93 20140423
  -71.53    3.93    1.10  140.00   38.00  118.00    3.60  -71.53    3.93 20140426
  -71.41    3.88    7.90  114.00   44.00  -22.00    3.20  -71.41    3.88 20140427
  -71.41    3.88    6.50  114.00   44.00  -22.00    2.80  -71.41    3.88 20140427
  -71.57    3.93    2.00  148.00   28.00 -180.00    3.30  -71.57    3.93 20140513
  -71.56    3.92    0.50  122.00   28.00  118.00    4.30  -71.56    3.92 20140513
  -71.57    3.93    2.30  139.00   28.00  138.00    3.30  -71.57    3.93 20140513
  -71.56    3.91    0.80   18.00   58.00  -84.00    2.90  -71.56    3.91 20140513
  -71.57    3.93    2.00  138.00   27.00 -180.00    3.70  -71.57    3.93 20140514
  -71.57    3.92    2.40   80.00   12.00   98.00    3.10  -71.57    3.92 20140514
  -71.58    3.90    2.50   80.00   12.00   98.00    0.90  -71.58    3.90 20140514
  -71.55    3.93    7.10   80.00   12.00   98.00    1.20  -71.55    3.93 20140514
  -71.57    3.92    2.20  129.00   38.00  118.00    3.30  -71.57    3.92 20140515
  -71.36    3.84    7.70  129.00   38.00  118.00    1.00  -71.36    3.84 20140515
  -71.58    3.92    6.70  129.00   38.00  118.00    2.50  -71.58    3.92 20140515
  -71.58    3.92    2.40  129.00   38.00  118.00    1.10  -71.58    3.92 20140515
  -71.34    3.84    4.10  129.00   38.00  118.00    0.60  -71.34    3.84 20140515
  -71.58    3.92    2.00  130.00   28.00  118.00    3.40  -71.58    3.92 20140517
  -71.58    3.92    1.90  128.00   28.00  118.00    3.50  -71.58    3.92 20140518
  -71.38    3.88    3.20  108.00   68.00  -22.00    3.60  -71.38    3.88 20140522
  -71.39    3.90    5.60  108.00   68.00  -22.00    2.30  -71.39    3.90 20140522
  -71.53    3.95    2.30  158.00   48.00  118.00    3.90  -71.53    3.95 20140525
  -71.54    3.96    7.30  156.00   48.00  118.00    3.30  -71.54    3.96 20140526
  -71.53    3.95    2.80  156.00   48.00  118.00    3.20  -71.53    3.95 20140526
  -71.59    3.93    8.70   80.00    7.00  118.00    3.30  -71.59    3.93 20140526
  -71.59    3.92    9.20   94.00   60.00  -82.00    3.40  -71.59    3.92 20140526
  -71.53    3.95    2.50  158.00   18.00 -175.00    3.70  -71.53    3.95 20140526
  -71.53    3.96    7.50  158.00   48.00  118.00    3.10  -71.53    3.96 20140527
  -71.52    3.95    6.60  158.00   48.00  118.00    2.20  -71.52    3.95 20140527
  -71.54    3.94    7.60  158.00   48.00  118.00    1.30  -71.54    3.94 20140527
  -71.53    3.97   10.80  158.00   48.00  118.00    1.50  -71.53    3.97 20140527
  -71.56    3.93    2.30  140.00   38.00  138.00    3.30  -71.56    3.93 20140527
  -71.57    3.93    6.30  140.00   38.00  138.00    1.10  -71.57    3.93 20140527
  -71.41    3.87    3.50  140.00   38.00  138.00    1.60  -71.41    3.87 20140527
  -71.56    3.93    6.70  140.00   38.00  138.00    1.40  -71.56    3.93 20140527
  -71.54    3.94    6.40  140.00   38.00  138.00    2.50  -71.54    3.94 20140527
  -71.58    3.93    5.60  140.00   38.00  138.00    1.30  -71.58    3.93 20140527
  -71.53    3.93    6.00  140.00   38.00  138.00    1.00  -71.53    3.93 20140527
  -71.39    3.87    6.80  140.00   38.00  138.00    0.90  -71.39    3.87 20140527
  -71.35    3.84    3.40  140.00   38.00  138.00    0.90  -71.35    3.84 20140527
  -71.35    3.84    3.50  140.00   38.00  138.00    1.00  -71.35    3.84 20140527
  -71.55    3.93    6.70  140.00   38.00  138.00    1.70  -71.55    3.93 20140527
  -71.54    3.96    7.40  117.00   18.00  138.00    3.30  -71.54    3.96 20140528
  -71.53    3.97    8.50  126.00   18.00  138.00    3.20  -71.53    3.97 20140529
  -71.53    3.92    0.60  118.00   18.00  138.00    3.00  -71.53    3.92 20140529
  -71.55    3.95    7.50   68.00   38.00  -20.00    3.20  -71.55    3.95 20140529
  -71.41    3.87    6.40   68.00   38.00  -20.00    1.20  -71.41    3.87 20140529
  -71.55    3.93    5.80   68.00   38.00  -20.00    1.40  -71.55    3.93 20140529
  -71.55    3.94    6.90   68.00   38.00  -20.00    1.30  -71.55    3.94 20140529
  -71.39    3.88    3.60   68.00   38.00  -20.00    1.10  -71.39    3.88 20140529
  -71.58    3.93    8.90   18.00   18.00 -102.00    2.70  -71.58    3.93 20140530
  -71.58    3.93    9.50   18.00   18.00 -102.00    3.20  -71.58    3.93 20140530
  -71.59    3.93    9.10   16.00   18.00 -102.00    3.40  -71.59    3.93 20140530
  -71.58    3.93    8.90   17.00   18.00 -102.00    2.90  -71.58    3.93 20140530
  -71.58    3.94    9.00   16.00   18.00 -102.00    3.00  -71.58    3.94 20140530
  -71.52    3.96    6.80    7.00   18.00 -165.00    2.90  -71.52    3.96 20140603
  -71.59    3.93    8.80    8.00   49.00  -28.00    3.90  -71.59    3.93 20140604
  -71.51    3.91    0.00    8.00   49.00  -28.00    0.80  -71.51    3.91 20140604
  -71.56    3.94    8.30    8.00   49.00  -28.00    0.80  -71.56    3.94 20140604
  -71.59    3.92    3.10    8.00   49.00  -28.00    1.70  -71.59    3.92 20140604
  -71.41    3.89    3.10    8.00   49.00  -28.00    0.50  -71.41    3.89 20140604
  -71.58    3.91    8.00    8.00   49.00  -28.00    1.30  -71.58    3.91 20140604
  -71.50    3.91    1.90    8.00   49.00  -28.00    0.50  -71.50    3.91 20140604
  -71.58    3.92    7.20    8.00   49.00  -28.00    1.10  -71.58    3.92 20140604
  -71.58    3.91    7.60    8.00   49.00  -28.00    1.30  -71.58    3.91 20140604
  -71.58    3.92    7.70    8.00   49.00  -28.00    1.20  -71.58    3.92 20140604
  -71.40    3.89    6.30    8.00   49.00  -28.00    1.90  -71.40    3.89 20140604
  -71.58    3.93    7.80    8.00   49.00  -28.00    1.40  -71.58    3.93 20140604
  -71.59    3.93    9.10  125.00   38.00   -2.00    3.30  -71.59    3.93 20140604
  -71.52    3.95    7.10    0.00   58.00 -162.00    3.20  -71.52    3.95 20140604
  -71.59    3.93    8.70   93.00   70.00 -122.00    3.90  -71.59    3.93 20140604
  -71.57    3.90    5.80   93.00   70.00 -122.00    0.80  -71.57    3.90 20140604
  -71.39    3.86    7.80   93.00   70.00 -122.00    0.40  -71.39    3.86 20140604
  -71.58    3.93    7.80   93.00   70.00 -122.00    0.90  -71.58    3.93 20140604
  -71.54    3.94    6.20   93.00   70.00 -122.00    1.00  -71.54    3.94 20140604
  -71.55    3.95    6.60   93.00   70.00 -122.00    2.20  -71.55    3.95 20140604
  -71.53    3.95    2.40   87.00   50.00 -162.00    3.60  -71.53    3.95 20140605
  -71.59    3.92    9.80  129.00   46.00   -2.00    3.10  -71.59    3.92 20140608
  -71.56    3.94    6.20  129.00   46.00   -2.00    0.80  -71.56    3.94 20140608
  -71.53    3.94    7.00  129.00   46.00   -2.00    0.90  -71.53    3.94 20140608
  -71.48    4.02    0.00  129.00   46.00   -2.00    0.60  -71.48    4.02 20140608
  -71.59    3.91    7.10  129.00   46.00   -2.00    1.50  -71.59    3.91 20140608
  -71.54    3.95    2.60  146.00   38.00  118.00    3.40  -71.54    3.95 20140609
  -71.58    3.94    9.30   18.00   18.00 -102.00    3.50  -71.58    3.94 20140610
  -71.58    3.93    8.60   18.00   18.00 -102.00    3.20  -71.58    3.93 20140619
  -71.58    3.93    9.40   50.00   18.00  -69.00    3.70  -71.58    3.93 20140620
  -71.52    3.94    2.30   11.00   68.00 -162.00    4.40  -71.52    3.94 20140625
  -71.52    3.97    6.60  130.00   78.00   18.00    3.30  -71.52    3.97 20140625
  -71.37    3.88    3.50   38.00   88.00 -168.00    3.60  -71.37    3.88 20140715
  -71.53    3.95    7.10  156.00   47.00  118.00    3.80  -71.53    3.95 20140720
  -71.51    3.94    2.50   10.00   68.00 -162.00    3.50  -71.51    3.94 20140721
  -71.53    3.93    6.80   10.00   68.00 -162.00    0.80  -71.53    3.93 20140721
  -71.52    3.95    7.40   10.00   68.00 -162.00    2.10  -71.52    3.95 20140721
  -71.54    3.93    6.50   10.00   68.00 -162.00    1.30  -71.54    3.93 20140721
  -71.39    3.88    5.50   10.00   68.00 -162.00    0.80  -71.39    3.88 20140721
  -71.53    3.95    8.40   10.00   68.00 -162.00    1.30  -71.53    3.95 20140721
  -71.53    3.94    7.70   10.00   68.00 -162.00    0.90  -71.53    3.94 20140721
  -71.54    3.92    7.40   10.00   68.00 -162.00    0.70  -71.54    3.92 20140721
  -71.58    3.94    7.30   80.00   13.00   98.00    3.40  -71.58    3.94 20140727
  -71.57    3.93    7.00   80.00   13.00   98.00    1.90  -71.57    3.93 20140727
  -71.54    3.95    8.90  150.00   48.00  118.00    3.20  -71.54    3.95 20140730
  -71.52    3.97    6.20   40.00   88.00 -166.00    3.30  -71.52    3.97 20140730
  -71.50    3.97    7.50   35.00   90.00 -162.00    3.30  -71.50    3.97 20140805
  -71.56    3.94    8.30   30.00   31.00 -142.00    3.80  -71.56    3.94 20140809
  -71.56    3.95    6.40   69.00   78.00  -56.00    3.90  -71.56    3.95 20140809
  -71.54    3.95    7.40  117.00   87.00  -42.00    3.50  -71.54    3.95 20140814
  -71.31    3.85    7.40   88.00   88.00 -162.00    3.30  -71.31    3.85 20140824
  -71.54    3.94    3.70   88.00   47.00  -62.00    3.30  -71.54    3.94 20140828
  -71.55    3.93    3.20   10.00   11.00   58.00    3.30  -71.55    3.93 20140915
  -71.58    3.92    3.20   42.00   90.00 -142.00    3.20  -71.58    3.92 20140921
  -71.58    3.93    4.00   42.00   90.00 -142.00    1.00  -71.58    3.93 20140921
  -71.57    3.92    3.20   42.00   90.00 -142.00    1.70  -71.57    3.92 20140921
  -71.58    3.92    4.00   42.00   90.00 -142.00    0.80  -71.58    3.92 20140921
  -71.57    3.93    3.20   81.00   28.00  138.00    3.50  -71.57    3.93 20140921
  -71.37    3.87    7.20    0.00   68.00 -169.00    3.40  -71.37    3.87 20140927
  -71.49    3.97    5.80   84.00   33.00  -65.00    3.60  -71.49    3.97 20140927
  -71.48    3.95    5.60   84.00   33.00  -65.00    1.90  -71.48    3.95 20140927
  -71.49    3.95    3.70   84.00   33.00  -65.00    1.00  -71.49    3.95 20140927
  -71.48    3.97    5.90    0.00   36.00   88.00    3.10  -71.48    3.97 20141007
  -71.38    3.88    3.80   11.00   38.00 -165.00    3.50  -71.38    3.88 20141019
  -71.50    3.96    7.30  -59.00   90.00   46.00    3.80  -71.50    3.96 20141130
  -71.50    3.95    7.50   43.00   61.00 -142.00    2.40  -71.50    3.95 20141130
  -71.50    3.95    7.30   54.00   54.00 -129.00    3.10  -71.50    3.95 20141130
  -71.50    3.94    7.60   39.00   63.00 -142.00    2.10  -71.50    3.94 20141130
  -71.50    3.95    7.40   42.00   60.00 -142.00    2.50  -71.50    3.95 20141130
  -71.50    3.95    7.60   43.00   57.00 -142.00    2.30  -71.50    3.95 20141130
  -71.50    3.95    7.70   29.00   72.00 -162.00    1.80  -71.50    3.95 20141130
  -71.50    3.95    6.90   65.00   50.00 -102.00    2.90  -71.50    3.95 20141130
  -71.50    3.96    7.60   50.00   90.00 -142.00    3.60  -71.50    3.96 20141130
  -71.50    3.96    7.40   48.00   58.00 -122.00    3.10  -71.50    3.96 20141201
  -71.50    3.96    8.10   75.00   28.00 -122.00    3.80  -71.50    3.96 20141202
  -71.50    3.95    7.10   58.00   58.00 -167.00    2.70  -71.50    3.95 20141202
  -71.50    3.95    7.30   44.00   58.00 -142.00    2.60  -71.50    3.95 20141202
  -71.50    3.96    6.90   36.00   62.00 -125.00    2.80  -71.50    3.96 20141202
  -71.50    3.93    6.70   62.00   47.00 -122.00    2.20  -71.50    3.93 20141202
  -71.49    3.97    7.90   85.00   38.00  -22.00    3.60  -71.49    3.97 20150224
  -71.48    3.95    6.60   15.00   58.00 -147.00    3.20  -71.48    3.95 20150326
  -71.33    3.82    6.90    7.00   48.00 -180.00    3.30  -71.33    3.82 20150427
  -71.35    3.84    6.20   29.00   68.00 -180.00    3.80  -71.35    3.84 20150606
  -71.28    3.85    3.80   45.00   60.00 -146.00    3.40  -71.28    3.85 20150607
  -71.34    3.83    7.10   26.00   71.00  158.00    4.10  -71.34    3.83 20150823
  -71.37    3.84    3.50  117.00   86.00  -22.00    3.10  -71.37    3.84 20150823
  -71.35    3.83    6.10   31.00   58.00 -174.00    2.50  -71.35    3.83 20150823
  -71.35    3.83    5.40   34.00   58.00 -180.00    2.40  -71.35    3.83 20150823
  -71.36    3.84    6.20   30.00   78.00 -180.00    3.30  -71.36    3.84 20150823
  -71.36    3.84    2.30   42.00   38.00 -173.00    4.60  -71.36    3.84 20150824
  -71.34    3.83    7.40   21.00   58.00  158.00    4.50  -71.34    3.83 20150824
  -71.35    3.83    4.80  132.00   48.00  -65.00    2.20  -71.35    3.83 20150824
  -71.36    3.84    5.50  105.00   48.00  -42.00    2.00  -71.36    3.84 20150824
  -71.35    3.83    6.20   34.00   48.00 -167.00    1.60  -71.35    3.83 20150824
  -71.36    3.84    6.20  120.00   78.00  -22.00    3.70  -71.36    3.84 20150825
  -71.36    3.84    6.90   28.00   68.00 -180.00    3.80  -71.36    3.84 20150825
  -71.36    3.84    5.70  118.00   75.00  -22.00    3.40  -71.36    3.84 20150830
  -71.36    3.84    5.50   24.00   78.00 -177.00    4.00  -71.36    3.84 20150831
  -71.37    3.84    2.60   23.00   38.00 -168.00    4.20  -71.37    3.84 20150831
  -71.37    3.84    6.00  115.00   58.00  -22.00    3.00  -71.37    3.84 20150831
  -71.36    3.84    6.20  119.00   78.00  -22.00    3.00  -71.36    3.84 20150901
  -71.36    3.85    5.80   27.00   38.00  125.00    3.20  -71.36    3.85 20150901
  -71.35    3.84    6.00  -60.00   90.00  -16.00    3.10  -71.35    3.84 20150902
  -71.32    3.83    7.30  128.00   77.00   60.00    4.10  -71.32    3.83 20150902
  -71.38    3.84    2.90  116.00   78.00  -22.00    3.30  -71.38    3.84 20150904
  -71.38    3.84    3.10   33.00   74.00  158.00    3.40  -71.38    3.84 20150904
  -71.36    3.85    6.80   25.00   78.00 -180.00    3.40  -71.36    3.85 20150905
  -71.36    3.84    6.80  117.00   68.00   -2.00    3.50  -71.36    3.84 20150908
  -71.26    3.85    3.30   68.00   72.00 -162.00    3.90  -71.26    3.85 20150925
  -71.26    3.85    3.40  -61.00   90.00    2.00    3.60  -71.26    3.85 20150925
  -71.26    3.86    5.90  -61.00   90.00    2.00    0.90  -71.26    3.86 20150925
  -71.26    3.86    3.40  -61.00   90.00    2.00    1.20  -71.26    3.86 20150925
  -71.27    3.86    5.00  -61.00   90.00    2.00    0.60  -71.27    3.86 20150925
  -71.27    3.85    3.50  -61.00   90.00    2.00    2.90  -71.27    3.85 20150925
  -71.26    3.85    3.50  -61.00   90.00    2.00    1.20  -71.26    3.85 20150925
  -71.27    3.84    3.50  -61.00   90.00    2.00    1.60  -71.27    3.84 20150925
  -71.28    3.84    3.70  -61.00   90.00    2.00    0.90  -71.28    3.84 20150925
  -71.27    3.84    3.60  -61.00   90.00    2.00    1.60  -71.27    3.84 20150925
  -71.26    3.85    3.20  -61.00   90.00    2.00    0.80  -71.26    3.85 20150925
  -71.27    3.85    3.70  -61.00   90.00    2.00    1.30  -71.27    3.85 20150925
  -71.25    3.85    3.20  -61.00   90.00    2.00    0.70  -71.25    3.85 20150925
  -71.28    3.85    6.80  -61.00   90.00    2.00    0.90  -71.28    3.85 20150925
  -71.34    3.83    5.60  131.00   78.00   14.00    2.10  -71.34    3.83 20150927
  -71.33    3.83    6.60  131.00   78.00   14.00    3.40  -71.33    3.83 20150927
  -71.34    3.83    6.00  131.00   78.00   14.00    0.90  -71.34    3.83 20150927
  -71.34    3.82    5.80  131.00   78.00   14.00    1.60  -71.34    3.82 20150927
  -71.34    3.83    5.80  131.00   78.00   14.00    1.20  -71.34    3.83 20150927
  -71.34    3.83    5.80  131.00   78.00   14.00    0.90  -71.34    3.83 20150927
  -71.36    3.82    7.60  131.00   78.00   14.00    0.40  -71.36    3.82 20150927
  -71.34    3.82    5.20  131.00   78.00   14.00    1.00  -71.34    3.82 20150927
  -71.40    3.87    3.40   21.00   90.00 -180.00    3.20  -71.40    3.87 20151007
  -71.37    3.83    5.30  111.00   48.00  -22.00    3.20  -71.37    3.83 20151020
  -71.36    3.83    6.50  117.00   68.00   -2.00    3.20  -71.36    3.83 20151031
  -71.38    3.84    3.10  116.00   78.00  -22.00    3.60  -71.38    3.84 20151106
  -71.39    3.88    8.40  116.00   78.00  -22.00    0.50  -71.39    3.88 20151106
  -71.38    3.84    5.70  116.00   78.00  -22.00    1.30  -71.38    3.84 20151106
  -71.37    3.84    3.50  116.00   78.00  -22.00    1.50  -71.37    3.84 20151106
  -71.38    3.84    5.10  116.00   78.00  -22.00    1.00  -71.38    3.84 20151106
  -71.37    3.84    5.50  116.00   78.00  -22.00    1.60  -71.37    3.84 20151106
  -71.38    3.84    4.00  116.00   78.00  -22.00    0.40  -71.38    3.84 20151106
  -71.38    3.84    3.50  116.00   78.00  -22.00    2.10  -71.38    3.84 20151106
  -71.38    3.83    3.50  116.00   78.00  -22.00    0.50  -71.38    3.83 20151106
  -71.38    3.84    5.20  116.00   78.00  -22.00    1.40  -71.38    3.84 20151106
  -71.38    3.83    6.00  116.00   78.00  -22.00    0.90  -71.38    3.83 20151106
  -71.37    3.84    6.00  116.00   78.00  -22.00    0.80  -71.37    3.84 20151106
  -71.37    3.84    5.50  116.00   78.00  -22.00    1.40  -71.37    3.84 20151106
  -71.38    3.84    3.30  116.00   78.00  -22.00    0.40  -71.38    3.84 20151106
  -71.38    3.84    3.90  116.00   78.00  -22.00    1.50  -71.38    3.84 20151106
  -71.38    3.84    3.20  116.00   78.00  -22.00    2.20  -71.38    3.84 20151106
  -71.38    3.84    3.50  116.00   78.00  -22.00    1.70  -71.38    3.84 20151106
  -71.38    3.84    3.80  116.00   78.00  -22.00    0.80  -71.38    3.84 20151106
  -71.38    3.84    5.60  116.00   78.00  -22.00    0.50  -71.38    3.84 20151106
  -71.38    3.84    3.50  116.00   78.00  -22.00    0.20  -71.38    3.84 20151106
  -71.38    3.84    3.30   97.00   88.00  -22.00    3.20  -71.38    3.84 20151106
  -71.39    3.84    3.80   97.00   88.00  -22.00    0.70  -71.39    3.84 20151106
  -71.38    3.84    3.70   97.00   88.00  -22.00    0.70  -71.38    3.84 20151106
  -71.38    3.84    3.80   97.00   88.00  -22.00    0.90  -71.38    3.84 20151106
  -71.38    3.83    5.30   97.00   88.00  -22.00    0.40  -71.38    3.83 20151106
  -71.38    3.84    3.70   97.00   88.00  -22.00    0.50  -71.38    3.84 20151106
  -71.38    3.84    3.50   97.00   88.00  -22.00    0.80  -71.38    3.84 20151106
  -71.38    3.84    6.30   97.00   88.00  -22.00    1.00  -71.38    3.84 20151106
  -71.38    3.84    6.20   97.00   88.00  -22.00    0.60  -71.38    3.84 20151106
  -71.38    3.85    7.70   97.00   88.00  -22.00    0.70  -71.38    3.85 20151106
  -71.29    3.84    7.80   80.00   48.00  -62.00    3.20  -71.29    3.84 20151108
  -71.38    3.84    3.90   80.00   48.00  -62.00    1.20  -71.38    3.84 20151108
  -71.39    3.84    3.70   80.00   48.00  -62.00    0.50  -71.39    3.84 20151108
  -71.31    3.85    8.70   80.00   48.00  -62.00    0.50  -71.31    3.85 20151108
  -71.36    3.83    1.30  120.00   19.00  -82.00    2.40  -71.36    3.83 20151128
  -71.38    3.84    1.00   19.00   58.00 -162.00    2.20  -71.38    3.84 20151128
  -71.34    3.82    6.60   19.00   58.00 -162.00    1.40  -71.34    3.82 20151128
  -71.34    3.82    6.20   19.00   58.00 -162.00    1.30  -71.34    3.82 20151128
  -71.33    3.83    6.40   19.00   58.00 -162.00    2.20  -71.33    3.83 20151128
  -71.33    3.82    7.40   19.00   58.00 -162.00    3.20  -71.33    3.82 20151128
  -71.37    3.83    5.70   19.00   58.00 -162.00    3.10  -71.37    3.83 20151128
  -71.36    3.83    6.70   19.00   58.00 -162.00    2.60  -71.36    3.83 20151128
  -71.38    3.85    3.80   19.00   58.00 -162.00    2.30  -71.38    3.85 20151128
  -71.34    3.83    6.20   19.00   58.00 -162.00    1.90  -71.34    3.83 20151128
  -71.37    3.84    6.20   19.00   58.00 -162.00    2.40  -71.37    3.84 20151128
  -71.38    3.84    3.90   19.00   58.00 -162.00    1.70  -71.38    3.84 20151128
  -71.37    3.84    6.40   19.00   58.00 -162.00    1.50  -71.37    3.84 20151128
  -71.36    3.84    5.50   19.00   58.00 -162.00    1.80  -71.36    3.84 20151128
  -71.38    3.84    8.30   19.00   58.00 -162.00    1.80  -71.38    3.84 20151128
  -71.38    3.85    4.00   19.00   58.00 -162.00    2.50  -71.38    3.85 20151128
  -71.36    3.84    5.80   19.00   58.00 -162.00    1.90  -71.36    3.84 20151128
  -71.36    3.84    5.70   19.00   58.00 -162.00    2.40  -71.36    3.84 20151128
  -71.38    3.84    6.60   19.00   58.00 -162.00    1.50  -71.38    3.84 20151128
  -71.38    3.84    5.90   19.00   58.00 -162.00    1.80  -71.38    3.84 20151128
  -71.37    3.85    6.60   19.00   58.00 -162.00    2.20  -71.37    3.85 20151128
  -71.38    3.84    3.80   19.00   58.00 -162.00    2.50  -71.38    3.84 20151128
  -71.38    3.84    3.80   19.00   58.00 -162.00    1.90  -71.38    3.84 20151128
  -71.37    3.84    7.70   19.00   58.00 -162.00    1.20  -71.37    3.84 20151128
  -71.38    3.84    3.10   19.00   58.00 -162.00    1.50  -71.38    3.84 20151128
  -71.37    3.84    5.70   19.00   58.00 -162.00    1.40  -71.37    3.84 20151128
  -71.35    3.84    3.40   19.00   58.00 -162.00    1.30  -71.35    3.84 20151128
  -71.37    3.84    8.10   19.00   58.00 -162.00    1.00  -71.37    3.84 20151128
  -71.34    3.83    6.50   19.00   58.00 -162.00    1.30  -71.34    3.83 20151128
  -71.32    3.79    9.20   19.00   58.00 -162.00    1.00  -71.32    3.79 20151128
  -71.36    3.83    8.00   19.00   58.00 -162.00    1.10  -71.36    3.83 20151128
  -71.36    3.85    5.40   19.00   58.00 -162.00    1.20  -71.36    3.85 20151128
  -71.36    3.84    5.20   19.00   58.00 -162.00    1.80  -71.36    3.84 20151128
  -71.37    3.84    6.70   19.00   58.00 -162.00    1.30  -71.37    3.84 20151128
  -71.39    3.85    9.70   19.00   58.00 -162.00    1.30  -71.39    3.85 20151128
  -71.37    3.85    7.60   19.00   58.00 -162.00    1.30  -71.37    3.85 20151128
  -71.36    3.84    5.00   19.00   58.00 -162.00    1.80  -71.36    3.84 20151128
  -71.38    3.84    3.90   19.00   58.00 -162.00    1.40  -71.38    3.84 20151128
  -71.37    3.84    4.90   19.00   58.00 -162.00    1.80  -71.37    3.84 20151128
  -71.38    3.84    2.80   19.00   58.00 -162.00    1.50  -71.38    3.84 20151128
  -71.34    3.82    5.90   27.00   38.00 -180.00    1.50  -71.34    3.82 20151128
  -71.33    3.82    7.00   79.00   58.00 -180.00    2.50  -71.33    3.82 20151128
  -71.37    3.85    7.10   16.00   68.00  158.00    3.00  -71.37    3.85 20151128
  -71.36    3.84    5.60   28.00   58.00 -180.00    2.40  -71.36    3.84 20151128
  -71.37    3.85    2.70   27.00   38.00  128.00    3.50  -71.37    3.85 20151128
  -71.36    3.85    3.60   25.00   68.00  178.00    3.50  -71.36    3.85 20151128
  -71.34    3.84    7.90    3.00   85.00 -162.00    3.20  -71.34    3.84 20151128
  -71.34    3.84    7.10  108.00   76.00  -22.00    2.00  -71.34    3.84 20151128
  -71.35    3.84    6.60   31.00   83.00 -180.00    3.30  -71.35    3.84 20151129
  -71.32    3.82    6.50  135.00   87.00   27.00    3.90  -71.32    3.82 20151207
  -71.32    3.83    6.10  135.00   87.00   27.00    2.70  -71.32    3.83 20151207
  -71.33    3.82    7.30  135.00   87.00   27.00    0.90  -71.33    3.82 20151207
  -71.34    3.82    5.50  135.00   87.00   27.00    1.20  -71.34    3.82 20151207
  -71.33    3.82    7.40  135.00   87.00   27.00    0.60  -71.33    3.82 20151207
  -71.33    3.82    6.60  135.00   87.00   27.00    1.30  -71.33    3.82 20151207
  -71.36    3.83    6.90  135.00   87.00   27.00    0.80  -71.36    3.83 20151207
  -71.33    3.82    6.20  135.00   87.00   27.00    2.00  -71.33    3.82 20151207
  -71.34    3.82    5.90  135.00   87.00   27.00    1.60  -71.34    3.82 20151207
  -71.34    3.82    7.20  135.00   87.00   27.00    1.30  -71.34    3.82 20151207
  -71.34    3.81    8.10  135.00   87.00   27.00    1.20  -71.34    3.81 20151207
  -71.34    3.82    6.70  135.00   87.00   27.00    1.00  -71.34    3.82 20151207
  -71.34    3.82    7.20  135.00   87.00   27.00    0.90  -71.34    3.82 20151207
  -71.33    3.82    6.90  135.00   87.00   27.00    1.00  -71.33    3.82 20151207
  -71.34    3.82    6.50  135.00   87.00   27.00    1.20  -71.34    3.82 20151207
  -71.34    3.82    7.10  135.00   87.00   27.00    0.80  -71.34    3.82 20151207
  -71.33    3.81    7.00  135.00   87.00   27.00    0.90  -71.33    3.81 20151207
  -71.33    3.82    5.80  135.00   87.00   27.00    1.80  -71.33    3.82 20151207
  -71.33    3.81    7.40  135.00   87.00   27.00    0.90  -71.33    3.81 20151207
  -71.34    3.82    7.00  135.00   87.00   27.00    0.60  -71.34    3.82 20151207
  -71.33    3.82    7.40  135.00   87.00   27.00    0.80  -71.33    3.82 20151207
  -71.37    3.84    4.80  135.00   87.00   27.00    0.80  -71.37    3.84 20151207
  -71.34    3.82    6.80  135.00   87.00   27.00    0.70  -71.34    3.82 20151207
  -71.33    3.82    6.60  135.00   87.00   27.00    0.80  -71.33    3.82 20151207
  -71.35    3.82    6.50  135.00   87.00   27.00    0.80  -71.35    3.82 20151207
  -71.33    3.82    6.00  135.00   87.00   27.00    1.00  -71.33    3.82 20151207
  -71.34    3.82    7.10  135.00   87.00   27.00    0.80  -71.34    3.82 20151207
  -71.35    3.82    7.50  135.00   87.00   27.00    0.70  -71.35    3.82 20151207
  -71.33    3.82    6.20   23.00   28.00  178.00    1.30  -71.33    3.82 20151207
  -71.34    3.82    6.30  135.00   87.00   27.00    1.00  -71.34    3.82 20151207
  -71.34    3.82    6.60  135.00   87.00   27.00    0.70  -71.34    3.82 20151207
  -71.33    3.81    7.60  135.00   87.00   27.00    0.60  -71.33    3.81 20151207
  -71.34    3.82    6.90  135.00   87.00   27.00    0.70  -71.34    3.82 20151207
  -71.35    3.82    7.80  135.00   87.00   27.00    0.90  -71.35    3.82 20151207
  -71.34    3.82    5.60  135.00   87.00   27.00    0.90  -71.34    3.82 20151207
  -71.32    3.81    7.50  135.00   87.00   27.00    0.90  -71.32    3.81 20151207
  -71.34    3.82    6.20  135.00   87.00   27.00    0.40  -71.34    3.82 20151207
  -71.34    3.82    6.20  135.00   87.00   27.00    0.90  -71.34    3.82 20151207
  -71.33    3.82    5.90  135.00   87.00   27.00    1.30  -71.33    3.82 20151207
  -71.34    3.81    7.50  135.00   87.00   27.00    0.60  -71.34    3.81 20151207
  -71.32    3.82    5.90  135.00   87.00   27.00    1.80  -71.32    3.82 20151207
  -71.33    3.82    7.10  135.00   87.00   27.00    0.50  -71.33    3.82 20151207
  -71.33    3.82    7.40  135.00   87.00   27.00    0.60  -71.33    3.82 20151207
  -71.36    3.83    8.20  135.00   87.00   27.00    0.40  -71.36    3.83 20151207
  -71.38    3.84    6.00   86.00   68.00  -22.00    3.40  -71.38    3.84 20160108
  -71.39    3.84    3.30    8.00   68.00 -173.00    3.10  -71.39    3.84 20160108
  -71.38    3.85    3.20   15.00   58.00 -162.00    3.10  -71.38    3.85 20160113
  -71.38    3.85    3.20  -78.00   90.00  -15.00    3.30  -71.38    3.85 20160113
