  -71.37    3.85    4.50    0.00   10.00  -22.00    3.20  -71.37    3.85 20150901
  -71.36    3.84    5.00   33.00   90.00  178.00    3.10  -71.36    3.84 20150902
  -71.50    3.95    6.80   70.00   49.00 -122.00    3.70  -71.50    3.95 20141202
  -71.51    3.95    6.00  126.00   12.00   58.00    2.60  -71.51    3.95 20141202
  -71.50    3.94    5.70  125.00   12.00   58.00    2.20  -71.50    3.94 20141202
  -71.34    3.83    5.80    0.00   10.00   93.00    4.10  -71.34    3.83 20150902
  -71.49    3.94    3.50   21.00   86.00 -180.00    0.50  -71.49    3.94 20140604
  -71.58    3.92    4.40  -52.00   90.00  180.00    1.40  -71.58    3.92 20140604
  -71.60    3.91    5.90  119.00   21.00   38.00    3.30  -71.60    3.91 20140604
  -71.36    3.84    5.20   28.00   85.00  178.00    3.80  -71.36    3.84 20150606
  -71.38    3.84    3.80  -67.00   90.00    2.00    3.60  -71.38    3.84 20151106
  -71.37    3.84    4.10   19.00   90.00 -180.00    1.50  -71.37    3.84 20151106
  -71.38    3.84    4.00   13.00   90.00 -180.00    2.10  -71.38    3.84 20151106
  -71.38    3.84    4.50   15.00   90.00 -180.00    1.40  -71.38    3.84 20151106
  -71.38    3.84    3.90   17.00   90.00  178.00    2.20  -71.38    3.84 20151106
  -71.38    3.84    3.90   17.00   90.00 -180.00    1.70  -71.38    3.84 20151106
  -71.38    3.84    3.80   17.00   90.00 -180.00    3.20  -71.38    3.84 20151106
  -71.35    3.84    3.80  108.00   80.00   -4.00    3.10  -71.35    3.84 20131107
  -71.40    3.87    3.70   12.00   90.00  178.00    3.20  -71.40    3.87 20151007
  -71.33    3.82    5.40   27.00    9.00  114.00    3.90  -71.33    3.82 20151207
  -71.34    3.82    4.90  120.00    9.00  -25.00    1.80  -71.34    3.82 20151207
  -71.38    3.84    3.80   17.00   90.00 -180.00    3.30  -71.38    3.84 20160108
  -71.39    3.84    3.90   18.00   90.00 -180.00    3.10  -71.39    3.84 20160108
  -71.37    3.84    4.90   20.00   90.00 -179.00    3.50  -71.37    3.84 20150908
  -71.38    3.87    3.80    0.00   89.00 -180.00    3.50  -71.38    3.87 20141019
  -71.35    3.83    5.50   31.00   89.00 -178.00    4.10  -71.35    3.83 20150823
  -71.36    3.84    4.30   20.00   90.00  177.00    3.20  -71.36    3.84 20150823
  -71.36    3.83    4.70   35.00   90.00  178.00    2.40  -71.36    3.83 20150823
  -71.35    3.83    6.10  126.00   82.00   -2.00    4.50  -71.35    3.83 20150824
  -71.28    3.85    3.30   21.00    8.00  158.00    1.50  -71.28    3.85 20150925
  -71.34    3.83    5.70  -50.00   90.00    2.00    3.40  -71.34    3.83 20150927
  -71.34    3.82    6.10    4.00   85.00  178.00    3.30  -71.34    3.82 20150427
  -71.39    3.87    3.80   18.00   80.00  175.00    3.50  -71.39    3.87 20140328
  -71.36    3.83    2.30   67.00    9.00  158.00    2.40  -71.36    3.83 20151128
  -71.37    3.84    3.00   19.00   90.00 -180.00    2.30  -71.37    3.84 20151128
  -71.38    3.85    3.30  -79.00   90.00    2.00    2.50  -71.38    3.85 20151128
  -71.38    3.84    3.60   18.00   90.00 -180.00    2.50  -71.38    3.84 20151128
  -71.38    3.84    3.70   21.00   90.00 -180.00    1.60  -71.38    3.84 20151128
  -71.36    3.84    5.70   36.00   87.00  178.00    3.30  -71.36    3.84 20151129
  -71.38    3.89    3.80   88.00   18.00   15.00    1.10  -71.38    3.89 20140529
  -71.52    3.96    5.20   80.00    8.00   37.00    3.30  -71.52    3.96 20140730
  -71.51    3.95    6.30   72.00   48.00 -122.00    3.80  -71.51    3.95 20141130
  -71.50    3.95    6.40   76.00   38.00 -122.00    2.40  -71.50    3.95 20141130
  -71.50    3.94    6.20   90.00   47.00 -106.00    2.00  -71.50    3.94 20141130
  -71.51    3.94    6.30   66.00   48.00 -122.00    2.30  -71.51    3.94 20141130
  -71.51    3.94    6.40   31.00   68.00 -162.00    1.80  -71.51    3.94 20141130
  -71.37    3.83    5.50   19.00   90.00 -177.00    3.20  -71.37    3.83 20151031
  -71.37    3.84    3.40   20.00   90.00 -180.00    4.20  -71.37    3.84 20150831
